[ 16.08.2024 - 12:12:31 ]
    (MSG) [2] SMILExtract: openSMILE starting!
[ 16.08.2024 - 12:12:31 ]
    (MSG) [2] SMILExtract: config file is: C:\opensmile-3.0-win-x64\config\is09-13\IS09_emotion.conf
[ 16.08.2024 - 12:12:31 ]
    (MSG) [2] cComponentManager: successfully registered 103 component types.
[ 16.08.2024 - 12:12:32 ]
    (MSG) [2] instance 'lldsink': No filename given, disabling this sink component.
[ 16.08.2024 - 12:12:32 ]
    (MSG) [2] instance 'lldhtksink': No filename given, disabling this sink component.
[ 16.08.2024 - 12:12:32 ]
    (MSG) [2] instance 'lldarffsink': No filename given, disabling this sink component.
[ 16.08.2024 - 12:12:32 ]
    (MSG) [2] instance 'csvsink': No filename given, disabling this sink component.
[ 16.08.2024 - 12:12:32 ]
    (MSG) [2] instance 'htksink': No filename given, disabling this sink component.
[ 16.08.2024 - 12:12:32 ]
    (MSG) [2] instance 'arffsink': writing ARFF header (384 features)...
[ 16.08.2024 - 12:12:32 ]
    (MSG) [2] cComponentManager: successfully finished createInstances (25 component instances were finalised, 1 data memories were finalised)
[ 16.08.2024 - 12:12:32 ]
    (MSG) [2] cComponentManager: starting single thread processing loop
[ 16.08.2024 - 12:12:32 ]
    (MSG) [2] cComponentManager: Processing finished! System ran for 337 ticks.
